<?xml version='1.0' encoding='UTF-8'?>
<testsuite hostname="sugawaranoMacBook-Pro.local" name="library.ReaderSpec" tests="13" errors="0" failures="0" skipped="0" time="0.048" timestamp="2018-09-16T23:19:46">
                     <properties>
[...]
</properties>
                     <testcase classname="library.ReaderSpec" name="Feature: トークンの情報を扱う Scenario: peek でトークンの現在位置の情報を返す" time="0.035">
                                                 
                                               </testcase><testcase classname="library.ReaderSpec" name="Feature: トークンの情報を扱う Scenario: トークンを過ぎた後に peek で情報を取得する" time="0.0">
                                                 
                                               </testcase><testcase classname="library.ReaderSpec" name="Feature: トークンの情報を扱う Scenario: next でトークンの現在位置の情報を返した後に現在位置を進める" time="0.001">
                                                 
                                               </testcase><testcase classname="library.ReaderSpec" name="Feature: トークンの情報を扱う Scenario: next でトークンを過ぎる" time="0.001">
                                                 
                                               </testcase><testcase classname="library.ReaderSpec" name="Feature: トークンを取得する Scenario: シンプルな文字列" time="0.005">
                                                 
                                               </testcase><testcase classname="library.ReaderSpec" name="Feature: トークンを取得する Scenario: 特殊な 2 文字" time="0.0">
                                                 
                                               </testcase><testcase classname="library.ReaderSpec" name="Feature: トークンを取得する Scenario: 特殊な 1 文字" time="0.001">
                                                 
                                               </testcase><testcase classname="library.ReaderSpec" name="Feature: トークンを取得する Scenario: ダブルクォーテーションで括られた文字" time="0.001">
                                                 
                                               </testcase><testcase classname="library.ReaderSpec" name="Feature: トークンを取得する Scenario: ダブルクォーテーションの途中でダブルクォーテーションがある場合はそこまで" time="0.001">
                                                 
                                               </testcase><testcase classname="library.ReaderSpec" name="Feature: トークンを取得する Scenario: ダブルクォーテーションの途中のダブルクォーテーションはバックスラッシュでエスケープできる" time="0.001">
                                                 
                                               </testcase><testcase classname="library.ReaderSpec" name="Feature: トークンを取得する Scenario: セミコロンを含んだ文字列" time="0.0">
                                                 
                                               </testcase><testcase classname="library.ReaderSpec" name="Feature: トークンを取得する Scenario: 特殊じゃない文字" time="0.001">
                                                 
                                               </testcase><testcase classname="library.ReaderSpec" name="Feature: readForm Scenario: sample" time="0.001">
                                                 
                                               </testcase>
                     <system-out><![CDATA[]]></system-out>
                     <system-err><![CDATA[]]></system-err>
                   </testsuite>